<?xml version="1.0" encoding="UTF-8"?>
<!-- Generated by org.testng.reporters.JUnitReportReporter -->
<testsuite hostname="VD3MSTSICP1292" failures="0" tests="1" name="com.tests.EnhancementRequest_20158" time="67.366" errors="0" timestamp="15 Feb 2023 12:16:50 GMT" skipped="0">
  <testcase classname="com.tests.EnhancementRequest_20158" name="enhancementRequest" time="67.366"/>
</testsuite> <!-- com.tests.EnhancementRequest_20158 -->
