<?xml version="1.0" encoding="UTF-8"?>
<!-- Generated by org.testng.reporters.JUnitReportReporter -->
<testsuite hostname="VD3MSTSICP1292" failures="0" tests="1" name="com.gcp.GoogleTrendsData_1000" time="15.582" errors="0" timestamp="15 Feb 2023 12:13:35 GMT" skipped="0">
  <testcase classname="com.gcp.GoogleTrendsData_1000" name="googleTrendsData" time="15.582"/>
</testsuite> <!-- com.gcp.GoogleTrendsData_1000 -->
